Build started 2015-10-29 17:14:10.
     1>Project "C:\Users\Agnes\Documents\Visual Studio 2013\Projects\lab2\lab2\lab2.vcxproj" on node 2 (Build target(s)).
     1>ClCompile:
         C:\Program Files (x86)\Microsoft Visual Studio 12.0\VC\bin\CL.exe /c /ZI /nologo /W3 /WX- /Od /Oy- /D WIN32 /D _DEBUG /D _CONSOLE /D _LIB /D _UNICODE /D UNICODE /Gm /EHsc /RTC1 /MDd /GS /fp:precise /Zc:wchar_t /Zc:forScope /Fo"Debug\\" /Fd"Debug\vc120.pdb" /Gd /TP /analyze- /errorReport:prompt zad2.cpp
         zad2.cpp
     1>c:\users\agnes\documents\visual studio 2013\projects\lab2\lab2\zad2.cpp(1): warning C4067: unexpected tokens following preprocessor directive - expected a newline
     1>c:\users\agnes\documents\visual studio 2013\projects\lab2\lab2\zad2.cpp(2): warning C4067: unexpected tokens following preprocessor directive - expected a newline
     1>c:\users\agnes\documents\visual studio 2013\projects\lab2\lab2\zad2.cpp(5): warning C4305: 'initializing' : truncation from 'double' to 'const float'
     1>c:\users\agnes\documents\visual studio 2013\projects\lab2\lab2\zad2.cpp(17): warning C4244: '=' : conversion from 'double' to 'int', possible loss of data
     1>c:\users\agnes\documents\visual studio 2013\projects\lab2\lab2\zad2.cpp(19): warning C4244: '=' : conversion from 'double' to 'int', possible loss of data
     1>c:\users\agnes\documents\visual studio 2013\projects\lab2\lab2\zad2.cpp(21): warning C4244: '=' : conversion from 'double' to 'int', possible loss of data
       Link:
         C:\Program Files (x86)\Microsoft Visual Studio 12.0\VC\bin\link.exe /ERRORREPORT:PROMPT /OUT:"C:\Users\Agnes\Documents\Visual Studio 2013\Projects\lab2\Debug\lab2.exe" /INCREMENTAL /NOLOGO kernel32.lib user32.lib gdi32.lib winspool.lib comdlg32.lib advapi32.lib shell32.lib ole32.lib oleaut32.lib uuid.lib odbc32.lib odbccp32.lib /MANIFEST /MANIFESTUAC:"level='asInvoker' uiAccess='false'" /manifest:embed /DEBUG /PDB:"C:\Users\Agnes\Documents\Visual Studio 2013\Projects\lab2\Debug\lab2.pdb" /SUBSYSTEM:CONSOLE /TLBID:1 /DYNAMICBASE /NXCOMPAT /IMPLIB:"C:\Users\Agnes\Documents\Visual Studio 2013\Projects\lab2\Debug\lab2.lib" /MACHINE:X86 Debug\zad1.obj
         Debug\zad2.obj
     1>zad2.obj : error LNK2005: _main already defined in zad1.obj
     1>C:\Users\Agnes\Documents\Visual Studio 2013\Projects\lab2\Debug\lab2.exe : fatal error LNK1169: one or more multiply defined symbols found
     1>Done Building Project "C:\Users\Agnes\Documents\Visual Studio 2013\Projects\lab2\lab2\lab2.vcxproj" (Build target(s)) -- FAILED.

Build FAILED.

Time Elapsed 00:00:04.18
